********************************************************************************
DUPLICATOR-LITE PACKAGE-LOG: 02/07/2021 06:37
NOTICE: Do NOT post to public sites or forums 
********************************************************************************
VERSION:	1.4.1
WORDPRESS:	5.7.2
PHP INFO:	8.0.7 | SAPI: apache2handler
SERVER:		Apache/2.4.48 (Win64) OpenSSL/1.1.1k PHP/8.0.7 
PHP TIME LIMIT: (0) no time limit imposed 
PHP MAX MEMORY: 4294967296 (512M default) 
MEMORY STACK: 8MB

********************************************************************************
DATABASE:
********************************************************************************
BUILD MODE:   MYSQLDUMP
MYSQLTIMEOUT: 5000
MYSQLDUMP:    Is Supported
SQL CREATED: frontendalive_5b1de668c1e33ae15525_20210702063656_database.sql
SQL FILE SIZE: 984.41KB (1008035)
SQL FILE TIME: 2021-07-02 06:37:57
SQL RUNTIME: 4.84 sec.

********************************************************************************
ARCHIVE (ZIP):
********************************************************************************
ARCHIVE DIR:  C:/xampp/htdocs/frontendalive
ARCHIVE FILE: frontendalive_5b1de668c1e33ae15525_20210702063656_archive.zip
FILTERS: *OFF*
DIRS:
	not set
FILES:
	not set
EXTS:  not set
----------------------------------------
COMPRESSING
SIZE:	103.76MB
STATS:	Dirs 814 | Files 5,211
SQL ADDED: frontendalive_5b1de668c1e33ae15525_20210702063656_database.sql
ZipArchive Object
(
    [lastId] => 6024
    [status] => 0
    [statusSys] => 0
    [numFiles] => 6025
    [filename] => C:\xampp\htdocs\frontendalive\wp-content\backups-dup-lite\tmp\frontendalive_5b1de668c1e33ae15525_20210702063656_archive.zip
    [comment] => 
)

FILE ADDED TO ZIP: 6024
COMPRESSION RESULT: '1'
COMPRESSED SIZE: 37.22MB
ARCHIVE RUNTIME: 60.14 sec.
MEMORY STACK: 10MB
building installer
add_extra_files1
add_extra_files2
add_extra_files3
add_extra_files4
Doing archive file check
add_extra_files5
add_extra_files6
add_extra_files8
Successfully opened zip C:/xampp/htdocs/frontendalive/wp-content/backups-dup-lite/tmp/frontendalive_5b1de668c1e33ae15525_20210702063656_archive.zip
Adding enhanced installer files to archive using ZipArchive
Installer files added to archive
Added to archive
After ziparchive close when adding installer

********************************************************************************
INTEGRITY CHECKS:
********************************************************************************
SQL FILE: 984.41KB
INSTALLER FILE: 64.13KB
ARCHIVE FILE: 38.6MB 
EXPECTED FILE/DIRECTORY COUNT: 6,025
ACTUAL FILE/DIRECTORY COUNT: 6,024
ARCHIVE CONSISTENCY TEST: Pass

********************************************************************************
RECORD ID:[1]
TOTAL PROCESS RUNTIME: 68.86 sec.
PEAK PHP MEMORY USED: 10MB
DONE PROCESSING => frontendalive 02/07/2021 06:39

